[2019-04-28 22:32:43] [127.0.0.1] Service 'cache' was not found in the dependency injection container
[2019-04-28 22:32:43] [127.0.0.1] Service 'cache' was not found in the dependency injection container
[2019-04-28 22:32:44] [127.0.0.1] Service 'cache' was not found in the dependency injection container
[2019-04-28 22:32:44] [127.0.0.1] Service 'cache' was not found in the dependency injection container
[2019-04-28 22:33:00] [127.0.0.1] Service 'cache' was not found in the dependency injection container
[2019-04-28 22:33:00] [127.0.0.1] Service 'cache' was not found in the dependency injection container
[2019-04-28 22:33:33] [127.0.0.1] Cache directory must be specified with the option cacheDir
[2019-04-28 22:33:33] [127.0.0.1] Cache directory must be specified with the option cacheDir
[2019-04-28 22:36:12] [127.0.0.1] Uncaught Error: Call to undefined method PageHelper::pageOutputs() in /data/project/phalconapi/app/services/UserService.php:19
Stack trace:
#0 /data/project/phalconapi/app/controllers/UserController.php(14): UserService->getUsers(Array)
#1 [internal function]: UserController->indexAction()
#2 [internal function]: Phalcon\Dispatcher->dispatch()
#3 /data/project/phalconapi/public/index.php(44): Phalcon\Mvc\Application->handle()
#4 {main}
  thrown
[2019-04-28 22:36:13] [127.0.0.1] Uncaught Error: Call to undefined method PageHelper::pageOutputs() in /data/project/phalconapi/app/services/UserService.php:19
Stack trace:
#0 /data/project/phalconapi/app/controllers/UserController.php(14): UserService->getUsers(Array)
#1 [internal function]: UserController->indexAction()
#2 [internal function]: Phalcon\Dispatcher->dispatch()
#3 /data/project/phalconapi/public/index.php(44): Phalcon\Mvc\Application->handle()
#4 {main}
  thrown
[2019-04-28 22:37:18] [127.0.0.1] Uncaught Error: Call to undefined method PageHelper::pageOutputs() in /data/project/phalconapi/app/services/UserService.php:19
Stack trace:
#0 /data/project/phalconapi/app/controllers/UserController.php(14): UserService->getUsers(Array)
#1 [internal function]: UserController->indexAction()
#2 [internal function]: Phalcon\Dispatcher->dispatch()
#3 /data/project/phalconapi/public/index.php(44): Phalcon\Mvc\Application->handle()
#4 {main}
  thrown
[2019-04-28 22:37:19] [127.0.0.1] Uncaught Error: Call to undefined method PageHelper::pageOutputs() in /data/project/phalconapi/app/services/UserService.php:19
Stack trace:
#0 /data/project/phalconapi/app/controllers/UserController.php(14): UserService->getUsers(Array)
#1 [internal function]: UserController->indexAction()
#2 [internal function]: Phalcon\Dispatcher->dispatch()
#3 /data/project/phalconapi/public/index.php(44): Phalcon\Mvc\Application->handle()
#4 {main}
  thrown
[2019-04-28 22:37:20] [127.0.0.1] Uncaught Error: Call to undefined method PageHelper::pageOutputs() in /data/project/phalconapi/app/services/UserService.php:19
Stack trace:
#0 /data/project/phalconapi/app/controllers/UserController.php(14): UserService->getUsers(Array)
#1 [internal function]: UserController->indexAction()
#2 [internal function]: Phalcon\Dispatcher->dispatch()
#3 /data/project/phalconapi/public/index.php(44): Phalcon\Mvc\Application->handle()
#4 {main}
  thrown
[2019-04-28 22:37:33] [127.0.0.1] Uncaught Error: Call to undefined method PageHelper::pageOutputs() in /data/project/phalconapi/app/services/UserService.php:19
Stack trace:
#0 /data/project/phalconapi/app/controllers/UserController.php(14): UserService->getUsers(Array)
#1 [internal function]: UserController->indexAction()
#2 [internal function]: Phalcon\Dispatcher->dispatch()
#3 /data/project/phalconapi/public/index.php(44): Phalcon\Mvc\Application->handle()
#4 {main}
  thrown
[2019-04-28 22:37:41] [127.0.0.1] Uncaught Error: Call to undefined method PageHelper::pageOutputs() in /data/project/phalconapi/app/services/UserService.php:19
Stack trace:
#0 /data/project/phalconapi/app/controllers/UserController.php(14): UserService->getUsers(Array)
#1 [internal function]: UserController->indexAction()
#2 [internal function]: Phalcon\Dispatcher->dispatch()
#3 /data/project/phalconapi/public/index.php(44): Phalcon\Mvc\Application->handle()
#4 {main}
  thrown
[2019-04-28 22:37:42] [127.0.0.1] Uncaught Error: Call to undefined method PageHelper::pageOutputs() in /data/project/phalconapi/app/services/UserService.php:19
Stack trace:
#0 /data/project/phalconapi/app/controllers/UserController.php(14): UserService->getUsers(Array)
#1 [internal function]: UserController->indexAction()
#2 [internal function]: Phalcon\Dispatcher->dispatch()
#3 /data/project/phalconapi/public/index.php(44): Phalcon\Mvc\Application->handle()
#4 {main}
  thrown
[2019-04-28 22:37:43] [127.0.0.1] Uncaught Error: Call to undefined method PageHelper::pageOutputs() in /data/project/phalconapi/app/services/UserService.php:19
Stack trace:
#0 /data/project/phalconapi/app/controllers/UserController.php(14): UserService->getUsers(Array)
#1 [internal function]: UserController->indexAction()
#2 [internal function]: Phalcon\Dispatcher->dispatch()
#3 /data/project/phalconapi/public/index.php(44): Phalcon\Mvc\Application->handle()
#4 {main}
  thrown
[2019-04-28 22:37:43] [127.0.0.1] Uncaught Error: Call to undefined method PageHelper::pageOutputs() in /data/project/phalconapi/app/services/UserService.php:19
Stack trace:
#0 /data/project/phalconapi/app/controllers/UserController.php(14): UserService->getUsers(Array)
#1 [internal function]: UserController->indexAction()
#2 [internal function]: Phalcon\Dispatcher->dispatch()
#3 /data/project/phalconapi/public/index.php(44): Phalcon\Mvc\Application->handle()
#4 {main}
  thrown
[2019-04-28 22:37:49] [127.0.0.1] Uncaught Error: Call to undefined method PageHelper::pageOutputs() in /data/project/phalconapi/app/services/UserService.php:19
Stack trace:
#0 /data/project/phalconapi/app/controllers/UserController.php(14): UserService->getUsers(Array)
#1 [internal function]: UserController->indexAction()
#2 [internal function]: Phalcon\Dispatcher->dispatch()
#3 /data/project/phalconapi/public/index.php(44): Phalcon\Mvc\Application->handle()
#4 {main}
  thrown
[2019-04-28 22:37:49] [127.0.0.1] Uncaught Error: Call to undefined method PageHelper::pageOutputs() in /data/project/phalconapi/app/services/UserService.php:19
Stack trace:
#0 /data/project/phalconapi/app/controllers/UserController.php(14): UserService->getUsers(Array)
#1 [internal function]: UserController->indexAction()
#2 [internal function]: Phalcon\Dispatcher->dispatch()
#3 /data/project/phalconapi/public/index.php(44): Phalcon\Mvc\Application->handle()
#4 {main}
  thrown
[2019-04-28 22:37:50] [127.0.0.1] Uncaught Error: Call to undefined method PageHelper::pageOutputs() in /data/project/phalconapi/app/services/UserService.php:19
Stack trace:
#0 /data/project/phalconapi/app/controllers/UserController.php(14): UserService->getUsers(Array)
#1 [internal function]: UserController->indexAction()
#2 [internal function]: Phalcon\Dispatcher->dispatch()
#3 /data/project/phalconapi/public/index.php(44): Phalcon\Mvc\Application->handle()
#4 {main}
  thrown
[2019-04-28 22:37:50] [127.0.0.1] Uncaught Error: Call to undefined method PageHelper::pageOutputs() in /data/project/phalconapi/app/services/UserService.php:19
Stack trace:
#0 /data/project/phalconapi/app/controllers/UserController.php(14): UserService->getUsers(Array)
#1 [internal function]: UserController->indexAction()
#2 [internal function]: Phalcon\Dispatcher->dispatch()
#3 /data/project/phalconapi/public/index.php(44): Phalcon\Mvc\Application->handle()
#4 {main}
  thrown
