[2019-05-16 20:30:36] [127.0.0.1] Uncaught Error: Call to undefined method PageHelper::pageOutputs() in /data/project/phalconapi/apps/backend/services/UserService.php:20
Stack trace:
#0 /data/project/phalconapi/apps/backend/controllers/UserController.php(14): UserService->getUsers(Array)
#1 [internal function]: UserController->indexAction()
#2 [internal function]: Phalcon\Dispatcher->dispatch()
#3 /data/project/phalconapi/apps/backend/public/index.php(44): Phalcon\Mvc\Application->handle()
#4 {main}
  thrown
[2019-05-16 20:32:02] [127.0.0.1] Uncaught Error: Call to undefined method PageHelper::pageOutputs() in /data/project/phalconapi/apps/backend/services/UserService.php:20
Stack trace:
#0 /data/project/phalconapi/apps/backend/controllers/UserController.php(14): UserService->getUsers(Array)
#1 [internal function]: UserController->indexAction()
#2 [internal function]: Phalcon\Dispatcher->dispatch()
#3 /data/project/phalconapi/apps/backend/public/index.php(44): Phalcon\Mvc\Application->handle()
#4 {main}
  thrown
[2019-05-16 20:32:03] [127.0.0.1] Uncaught Error: Call to undefined method PageHelper::pageOutputs() in /data/project/phalconapi/apps/backend/services/UserService.php:20
Stack trace:
#0 /data/project/phalconapi/apps/backend/controllers/UserController.php(14): UserService->getUsers(Array)
#1 [internal function]: UserController->indexAction()
#2 [internal function]: Phalcon\Dispatcher->dispatch()
#3 /data/project/phalconapi/apps/backend/public/index.php(44): Phalcon\Mvc\Application->handle()
#4 {main}
  thrown
[2019-05-16 20:32:04] [127.0.0.1] Uncaught Error: Call to undefined method PageHelper::pageOutputs() in /data/project/phalconapi/apps/backend/services/UserService.php:20
Stack trace:
#0 /data/project/phalconapi/apps/backend/controllers/UserController.php(14): UserService->getUsers(Array)
#1 [internal function]: UserController->indexAction()
#2 [internal function]: Phalcon\Dispatcher->dispatch()
#3 /data/project/phalconapi/apps/backend/public/index.php(44): Phalcon\Mvc\Application->handle()
#4 {main}
  thrown
[2019-05-16 20:32:26] [127.0.0.1] Uncaught Error: Call to undefined method PageHelper::pageOutputs() in /data/project/phalconapi/apps/backend/services/UserService.php:20
Stack trace:
#0 /data/project/phalconapi/apps/backend/controllers/UserController.php(14): UserService->getUsers(Array)
#1 [internal function]: UserController->indexAction()
#2 [internal function]: Phalcon\Dispatcher->dispatch()
#3 /data/project/phalconapi/apps/backend/public/index.php(44): Phalcon\Mvc\Application->handle()
#4 {main}
  thrown
[2019-05-16 20:34:14] [127.0.0.1] Uncaught Error: Call to undefined method PageHelper::pageOutputs() in /data/project/phalconapi/apps/backend/services/UserService.php:20
Stack trace:
#0 /data/project/phalconapi/apps/backend/controllers/UserController.php(14): UserService->getUsers(Array)
#1 [internal function]: UserController->indexAction()
#2 [internal function]: Phalcon\Dispatcher->dispatch()
#3 /data/project/phalconapi/apps/backend/public/index.php(44): Phalcon\Mvc\Application->handle()
#4 {main}
  thrown
[2019-05-16 20:34:15] [127.0.0.1] Uncaught Error: Call to undefined method PageHelper::pageOutputs() in /data/project/phalconapi/apps/backend/services/UserService.php:20
Stack trace:
#0 /data/project/phalconapi/apps/backend/controllers/UserController.php(14): UserService->getUsers(Array)
#1 [internal function]: UserController->indexAction()
#2 [internal function]: Phalcon\Dispatcher->dispatch()
#3 /data/project/phalconapi/apps/backend/public/index.php(44): Phalcon\Mvc\Application->handle()
#4 {main}
  thrown
[2019-05-16 20:34:18] [127.0.0.1] Uncaught Error: Call to undefined method PageHelper::pageOutputs() in /data/project/phalconapi/apps/backend/services/UserService.php:20
Stack trace:
#0 /data/project/phalconapi/apps/backend/controllers/UserController.php(14): UserService->getUsers(Array)
#1 [internal function]: UserController->indexAction()
#2 [internal function]: Phalcon\Dispatcher->dispatch()
#3 /data/project/phalconapi/apps/backend/public/index.php(44): Phalcon\Mvc\Application->handle()
#4 {main}
  thrown
[2019-05-16 20:34:55] [127.0.0.1] Uncaught Error: Call to undefined method PageHelper::pageOutputs() in /data/project/phalconapi/apps/backend/services/UserService.php:20
Stack trace:
#0 /data/project/phalconapi/apps/backend/controllers/UserController.php(14): UserService->getUsers(Array)
#1 [internal function]: UserController->indexAction()
#2 [internal function]: Phalcon\Dispatcher->dispatch()
#3 /data/project/phalconapi/apps/backend/public/index.php(44): Phalcon\Mvc\Application->handle()
#4 {main}
  thrown
[2019-05-16 20:38:40] [127.0.0.1] Uncaught Error: Call to undefined method PageHelper::pageOutputs() in /data/project/phalconapi/apps/backend/services/UserService.php:20
Stack trace:
#0 /data/project/phalconapi/apps/backend/controllers/UserController.php(14): UserService->getUsers(Array)
#1 [internal function]: UserController->indexAction()
#2 [internal function]: Phalcon\Dispatcher->dispatch()
#3 /data/project/phalconapi/apps/backend/public/index.php(47): Phalcon\Mvc\Application->handle()
#4 {main}
  thrown
[2019-05-16 20:38:41] [127.0.0.1] Uncaught Error: Call to undefined method PageHelper::pageOutputs() in /data/project/phalconapi/apps/backend/services/UserService.php:20
Stack trace:
#0 /data/project/phalconapi/apps/backend/controllers/UserController.php(14): UserService->getUsers(Array)
#1 [internal function]: UserController->indexAction()
#2 [internal function]: Phalcon\Dispatcher->dispatch()
#3 /data/project/phalconapi/apps/backend/public/index.php(47): Phalcon\Mvc\Application->handle()
#4 {main}
  thrown
[2019-05-16 20:38:41] [127.0.0.1] Uncaught Error: Call to undefined method PageHelper::pageOutputs() in /data/project/phalconapi/apps/backend/services/UserService.php:20
Stack trace:
#0 /data/project/phalconapi/apps/backend/controllers/UserController.php(14): UserService->getUsers(Array)
#1 [internal function]: UserController->indexAction()
#2 [internal function]: Phalcon\Dispatcher->dispatch()
#3 /data/project/phalconapi/apps/backend/public/index.php(47): Phalcon\Mvc\Application->handle()
#4 {main}
  thrown
[2019-05-16 20:38:42] [127.0.0.1] Uncaught Error: Call to undefined method PageHelper::pageOutputs() in /data/project/phalconapi/apps/backend/services/UserService.php:20
Stack trace:
#0 /data/project/phalconapi/apps/backend/controllers/UserController.php(14): UserService->getUsers(Array)
#1 [internal function]: UserController->indexAction()
#2 [internal function]: Phalcon\Dispatcher->dispatch()
#3 /data/project/phalconapi/apps/backend/public/index.php(47): Phalcon\Mvc\Application->handle()
#4 {main}
  thrown
[2019-05-16 20:42:19] [127.0.0.1] Uncaught Error: Call to undefined method PageHelper::pageOutputs() in /data/project/phalconapi/apps/backend/services/UserService.php:20
Stack trace:
#0 /data/project/phalconapi/apps/backend/controllers/UserController.php(14): UserService->getUsers(Array)
#1 [internal function]: UserController->indexAction()
#2 [internal function]: Phalcon\Dispatcher->dispatch()
#3 /data/project/phalconapi/apps/backend/public/index.php(47): Phalcon\Mvc\Application->handle()
#4 {main}
  thrown
[2019-05-16 20:43:38] [127.0.0.1] Uncaught Error: Call to undefined method PageHelper::pageOutputs() in /data/project/phalconapi/apps/backend/services/UserService.php:20
Stack trace:
#0 /data/project/phalconapi/apps/backend/controllers/UserController.php(14): UserService->getUsers(Array)
#1 [internal function]: UserController->indexAction()
#2 [internal function]: Phalcon\Dispatcher->dispatch()
#3 /data/project/phalconapi/apps/backend/public/index.php(47): Phalcon\Mvc\Application->handle()
#4 {main}
  thrown
[2019-05-16 20:43:39] [127.0.0.1] Uncaught Error: Call to undefined method PageHelper::pageOutputs() in /data/project/phalconapi/apps/backend/services/UserService.php:20
Stack trace:
#0 /data/project/phalconapi/apps/backend/controllers/UserController.php(14): UserService->getUsers(Array)
#1 [internal function]: UserController->indexAction()
#2 [internal function]: Phalcon\Dispatcher->dispatch()
#3 /data/project/phalconapi/apps/backend/public/index.php(47): Phalcon\Mvc\Application->handle()
#4 {main}
  thrown
[2019-05-16 20:43:40] [127.0.0.1] Uncaught Error: Call to undefined method PageHelper::pageOutputs() in /data/project/phalconapi/apps/backend/services/UserService.php:20
Stack trace:
#0 /data/project/phalconapi/apps/backend/controllers/UserController.php(14): UserService->getUsers(Array)
#1 [internal function]: UserController->indexAction()
#2 [internal function]: Phalcon\Dispatcher->dispatch()
#3 /data/project/phalconapi/apps/backend/public/index.php(47): Phalcon\Mvc\Application->handle()
#4 {main}
  thrown
[2019-05-16 20:43:40] [127.0.0.1] Uncaught Error: Call to undefined method PageHelper::pageOutputs() in /data/project/phalconapi/apps/backend/services/UserService.php:20
Stack trace:
#0 /data/project/phalconapi/apps/backend/controllers/UserController.php(14): UserService->getUsers(Array)
#1 [internal function]: UserController->indexAction()
#2 [internal function]: Phalcon\Dispatcher->dispatch()
#3 /data/project/phalconapi/apps/backend/public/index.php(47): Phalcon\Mvc\Application->handle()
#4 {main}
  thrown
[2019-05-16 20:43:41] [127.0.0.1] Uncaught Error: Call to undefined method PageHelper::pageOutputs() in /data/project/phalconapi/apps/backend/services/UserService.php:20
Stack trace:
#0 /data/project/phalconapi/apps/backend/controllers/UserController.php(14): UserService->getUsers(Array)
#1 [internal function]: UserController->indexAction()
#2 [internal function]: Phalcon\Dispatcher->dispatch()
#3 /data/project/phalconapi/apps/backend/public/index.php(47): Phalcon\Mvc\Application->handle()
#4 {main}
  thrown
[2019-05-16 20:43:41] [127.0.0.1] Uncaught Error: Call to undefined method PageHelper::pageOutputs() in /data/project/phalconapi/apps/backend/services/UserService.php:20
Stack trace:
#0 /data/project/phalconapi/apps/backend/controllers/UserController.php(14): UserService->getUsers(Array)
#1 [internal function]: UserController->indexAction()
#2 [internal function]: Phalcon\Dispatcher->dispatch()
#3 /data/project/phalconapi/apps/backend/public/index.php(47): Phalcon\Mvc\Application->handle()
#4 {main}
  thrown
[2019-05-16 20:43:42] [127.0.0.1] Uncaught Error: Call to undefined method PageHelper::pageOutputs() in /data/project/phalconapi/apps/backend/services/UserService.php:20
Stack trace:
#0 /data/project/phalconapi/apps/backend/controllers/UserController.php(14): UserService->getUsers(Array)
#1 [internal function]: UserController->indexAction()
#2 [internal function]: Phalcon\Dispatcher->dispatch()
#3 /data/project/phalconapi/apps/backend/public/index.php(47): Phalcon\Mvc\Application->handle()
#4 {main}
  thrown
[2019-05-16 20:43:42] [127.0.0.1] Uncaught Error: Call to undefined method PageHelper::pageOutputs() in /data/project/phalconapi/apps/backend/services/UserService.php:20
Stack trace:
#0 /data/project/phalconapi/apps/backend/controllers/UserController.php(14): UserService->getUsers(Array)
#1 [internal function]: UserController->indexAction()
#2 [internal function]: Phalcon\Dispatcher->dispatch()
#3 /data/project/phalconapi/apps/backend/public/index.php(47): Phalcon\Mvc\Application->handle()
#4 {main}
  thrown
[2019-05-16 20:43:42] [127.0.0.1] Uncaught Error: Call to undefined method PageHelper::pageOutputs() in /data/project/phalconapi/apps/backend/services/UserService.php:20
Stack trace:
#0 /data/project/phalconapi/apps/backend/controllers/UserController.php(14): UserService->getUsers(Array)
#1 [internal function]: UserController->indexAction()
#2 [internal function]: Phalcon\Dispatcher->dispatch()
#3 /data/project/phalconapi/apps/backend/public/index.php(47): Phalcon\Mvc\Application->handle()
#4 {main}
  thrown
[2019-05-16 20:43:42] [127.0.0.1] Uncaught Error: Call to undefined method PageHelper::pageOutputs() in /data/project/phalconapi/apps/backend/services/UserService.php:20
Stack trace:
#0 /data/project/phalconapi/apps/backend/controllers/UserController.php(14): UserService->getUsers(Array)
#1 [internal function]: UserController->indexAction()
#2 [internal function]: Phalcon\Dispatcher->dispatch()
#3 /data/project/phalconapi/apps/backend/public/index.php(47): Phalcon\Mvc\Application->handle()
#4 {main}
  thrown
[2019-05-16 20:43:43] [127.0.0.1] Uncaught Error: Call to undefined method PageHelper::pageOutputs() in /data/project/phalconapi/apps/backend/services/UserService.php:20
Stack trace:
#0 /data/project/phalconapi/apps/backend/controllers/UserController.php(14): UserService->getUsers(Array)
#1 [internal function]: UserController->indexAction()
#2 [internal function]: Phalcon\Dispatcher->dispatch()
#3 /data/project/phalconapi/apps/backend/public/index.php(47): Phalcon\Mvc\Application->handle()
#4 {main}
  thrown
[2019-05-16 20:43:43] [127.0.0.1] Uncaught Error: Call to undefined method PageHelper::pageOutputs() in /data/project/phalconapi/apps/backend/services/UserService.php:20
Stack trace:
#0 /data/project/phalconapi/apps/backend/controllers/UserController.php(14): UserService->getUsers(Array)
#1 [internal function]: UserController->indexAction()
#2 [internal function]: Phalcon\Dispatcher->dispatch()
#3 /data/project/phalconapi/apps/backend/public/index.php(47): Phalcon\Mvc\Application->handle()
#4 {main}
  thrown
[2019-05-16 20:43:43] [127.0.0.1] Uncaught Error: Call to undefined method PageHelper::pageOutputs() in /data/project/phalconapi/apps/backend/services/UserService.php:20
Stack trace:
#0 /data/project/phalconapi/apps/backend/controllers/UserController.php(14): UserService->getUsers(Array)
#1 [internal function]: UserController->indexAction()
#2 [internal function]: Phalcon\Dispatcher->dispatch()
#3 /data/project/phalconapi/apps/backend/public/index.php(47): Phalcon\Mvc\Application->handle()
#4 {main}
  thrown
[2019-05-16 20:43:56] [127.0.0.1] Uncaught Error: Call to undefined method PageHelper::pageOutputs() in /data/project/phalconapi/apps/backend/services/UserService.php:20
Stack trace:
#0 /data/project/phalconapi/apps/backend/controllers/UserController.php(14): UserService->getUsers(Array)
#1 [internal function]: UserController->indexAction()
#2 [internal function]: Phalcon\Dispatcher->dispatch()
#3 /data/project/phalconapi/apps/backend/public/index.php(47): Phalcon\Mvc\Application->handle()
#4 {main}
  thrown
[2019-05-16 20:43:57] [127.0.0.1] Uncaught Error: Call to undefined method PageHelper::pageOutputs() in /data/project/phalconapi/apps/backend/services/UserService.php:20
Stack trace:
#0 /data/project/phalconapi/apps/backend/controllers/UserController.php(14): UserService->getUsers(Array)
#1 [internal function]: UserController->indexAction()
#2 [internal function]: Phalcon\Dispatcher->dispatch()
#3 /data/project/phalconapi/apps/backend/public/index.php(47): Phalcon\Mvc\Application->handle()
#4 {main}
  thrown
[2019-05-16 20:43:57] [127.0.0.1] Uncaught Error: Call to undefined method PageHelper::pageOutputs() in /data/project/phalconapi/apps/backend/services/UserService.php:20
Stack trace:
#0 /data/project/phalconapi/apps/backend/controllers/UserController.php(14): UserService->getUsers(Array)
#1 [internal function]: UserController->indexAction()
#2 [internal function]: Phalcon\Dispatcher->dispatch()
#3 /data/project/phalconapi/apps/backend/public/index.php(47): Phalcon\Mvc\Application->handle()
#4 {main}
  thrown
